2021-03-25 12:02:40 INFO  Main:48 - terminal access
2021-03-25 12:02:43 INFO  Main:48 - terminal access
2021-03-25 18:15:10 INFO  Main:49 - terminal access
2021-03-25 18:15:16 INFO  Main:49 - terminal access
2021-03-25 18:15:48 INFO  Main:49 - terminal access
2021-03-25 18:16:09 INFO  Main:49 - terminal access
2021-03-25 18:16:11 INFO  Main:49 - terminal access
2021-03-25 18:16:29 INFO  Main:49 - terminal access
2021-03-25 18:16:42 INFO  Main:49 - terminal access
2021-03-25 18:16:46 INFO  Main:49 - terminal access
2021-03-25 18:17:51 INFO  Main:49 - terminal access
2021-03-25 18:18:02 INFO  Main:49 - terminal access
2021-03-25 18:18:06 INFO  Main:49 - terminal access
2021-03-25 18:18:35 INFO  Main:49 - terminal access
2021-03-25 18:18:37 INFO  Main:49 - terminal access
2021-03-25 18:19:01 INFO  Main:49 - terminal access
2021-03-25 18:19:02 INFO  Main:49 - terminal access
2021-03-26 09:31:04 INFO  Main:50 - terminal access
2021-03-26 09:31:24 INFO  Main:50 - terminal access
2021-04-11 15:02:35 INFO  Main:47 - terminal access
2021-04-18 18:29:50 INFO  Main:73 - Number of actual patients in the hospital is: 3
2021-04-18 18:39:59 INFO  Main:78 - Number of actual patients in the hospital is: 3
2021-04-18 18:39:59 INFO  MedicineContainer:122 - 10
2021-04-18 18:39:59 INFO  MedicineContainer:122 - 20
2021-04-18 18:39:59 INFO  MedicineContainer:122 - 30
2021-04-18 18:39:59 INFO  MedicineContainer:125 - 40
2021-04-18 18:39:59 INFO  MedicineContainer:134 - 40
2021-04-18 18:39:59 INFO  MedicineContainer:134 - 30
2021-04-18 18:39:59 INFO  MedicineContainer:134 - 20
2021-04-18 18:39:59 INFO  MedicineContainer:137 - 10
2021-04-18 18:39:59 INFO  Main:78 - Number of actual patients in the hospital is: 3
2021-04-18 18:39:59 INFO  MedicineContainer:122 - 10
2021-04-18 18:39:59 INFO  MedicineContainer:122 - 20
2021-04-18 18:39:59 INFO  MedicineContainer:122 - 30
2021-04-18 18:39:59 INFO  MedicineContainer:125 - 40
2021-04-18 18:39:59 INFO  MedicineContainer:134 - 40
2021-04-18 18:39:59 INFO  MedicineContainer:134 - 30
2021-04-18 18:39:59 INFO  MedicineContainer:134 - 20
2021-04-18 18:39:59 INFO  MedicineContainer:137 - 10
2021-04-18 21:00:26 ERROR Main:31 - exceptions.InvalidDoctorSpecialty: Doctor Deniro not surgeon
2021-04-18 21:00:26 INFO  Main:86 - Number of actual patients in the hospital is: 3
2021-04-18 21:00:26 INFO  MedicineContainer:122 - 10
2021-04-18 21:00:26 INFO  MedicineContainer:122 - 20
2021-04-18 21:00:26 INFO  MedicineContainer:122 - 30
2021-04-18 21:00:26 INFO  MedicineContainer:125 - 40
2021-04-18 21:00:26 INFO  MedicineContainer:134 - 40
2021-04-18 21:00:26 INFO  MedicineContainer:134 - 30
2021-04-18 21:00:26 INFO  MedicineContainer:134 - 20
2021-04-18 21:00:26 INFO  MedicineContainer:137 - 10
2021-04-18 21:44:44 ERROR Main:35 - exceptions.InvalidDoctorSpecialty: Doctor Deniro not surgeon
2021-04-18 21:44:44 INFO  Main:92 - Number of actual patients in the hospital is: 3
2021-04-18 21:44:44 INFO  MedicineContainer:122 - 10
2021-04-18 21:44:44 INFO  MedicineContainer:122 - 20
2021-04-18 21:44:44 INFO  MedicineContainer:122 - 30
2021-04-18 21:44:44 INFO  MedicineContainer:125 - 40
2021-04-18 21:44:44 INFO  MedicineContainer:134 - 40
2021-04-18 21:44:44 INFO  MedicineContainer:134 - 30
2021-04-18 21:44:44 INFO  MedicineContainer:134 - 20
2021-04-18 21:44:44 INFO  MedicineContainer:137 - 10
2021-04-18 23:41:54 ERROR Main:38 - com.solvd.hospital.exceptions.InvalidDoctorSpecialty: Doctor Deniro not surgeon
2021-04-18 23:41:54 ERROR Main:44 - com.solvd.hospital.exceptions.NullMedicalHistorySheetException: This patient hasn't got Medical History
2021-04-18 23:41:54 INFO  Main:100 - Number of actual patients in the hospital is: 3
2021-04-18 23:41:54 INFO  MedicineContainer:122 - 10
2021-04-18 23:41:54 INFO  MedicineContainer:122 - 20
2021-04-18 23:41:54 INFO  MedicineContainer:122 - 30
2021-04-18 23:41:54 INFO  MedicineContainer:125 - 40
2021-04-18 23:41:54 INFO  MedicineContainer:134 - 40
2021-04-18 23:41:54 INFO  MedicineContainer:134 - 30
2021-04-18 23:41:54 INFO  MedicineContainer:134 - 20
2021-04-18 23:41:54 INFO  MedicineContainer:137 - 10
2021-04-18 23:42:24 ERROR Main:38 - com.solvd.hospital.exceptions.InvalidDoctorSpecialty: Doctor Deniro not surgeon
2021-04-18 23:42:24 ERROR Main:44 - com.solvd.hospital.exceptions.NullMedicalHistorySheetException: This patient hasn't got Medical History
2021-04-18 23:42:24 INFO  Main:100 - Number of actual patients in the hospital is: 3
2021-04-18 23:42:24 INFO  MedicineContainer:122 - 10
2021-04-18 23:42:24 INFO  MedicineContainer:122 - 20
2021-04-18 23:42:24 INFO  MedicineContainer:122 - 30
2021-04-18 23:42:24 INFO  MedicineContainer:125 - 40
2021-04-18 23:42:24 INFO  MedicineContainer:134 - 40
2021-04-18 23:42:24 INFO  MedicineContainer:134 - 30
2021-04-18 23:42:24 INFO  MedicineContainer:134 - 20
2021-04-18 23:42:24 INFO  MedicineContainer:137 - 10
2021-04-19 00:03:11 ERROR Main:39 - Doctor Deniro not surgeon
2021-04-19 00:03:11 ERROR Main:45 - This patient hasn't got Medical History
2021-04-19 00:03:11 ERROR Main:61 - Nurse only can support operation
2021-04-19 00:03:11 INFO  Main:102 - Number of actual patients in the hospital is: 3
2021-04-19 00:03:11 INFO  MedicineContainer:122 - 10
2021-04-19 00:03:11 INFO  MedicineContainer:122 - 20
2021-04-19 00:03:11 INFO  MedicineContainer:122 - 30
2021-04-19 00:03:11 INFO  MedicineContainer:125 - 40
2021-04-19 00:03:11 INFO  MedicineContainer:134 - 40
2021-04-19 00:03:11 INFO  MedicineContainer:134 - 30
2021-04-19 00:03:11 INFO  MedicineContainer:134 - 20
2021-04-19 00:03:11 INFO  MedicineContainer:137 - 10
2021-04-19 00:14:13 ERROR Main:40 - Doctor Deniro not surgeon
2021-04-19 00:14:13 ERROR Main:46 - This patient hasn't got Medical History
2021-04-19 00:14:13 ERROR Main:62 - Nurse only can support operation
2021-04-19 00:14:13 INFO  Main:104 - com.solvd.hospital.generics.Appointment@6e2c634b
2021-04-19 00:14:13 INFO  Main:108 - Number of actual patients in the hospital is: 3
2021-04-19 00:14:13 INFO  MedicineContainer:122 - 10
2021-04-19 00:14:13 INFO  MedicineContainer:122 - 20
2021-04-19 00:14:13 INFO  MedicineContainer:122 - 30
2021-04-19 00:14:13 INFO  MedicineContainer:125 - 40
2021-04-19 00:14:13 INFO  MedicineContainer:134 - 40
2021-04-19 00:14:13 INFO  MedicineContainer:134 - 30
2021-04-19 00:14:13 INFO  MedicineContainer:134 - 20
2021-04-19 00:14:13 INFO  MedicineContainer:137 - 10
2021-04-19 00:14:54 ERROR Main:40 - Doctor Deniro not surgeon
2021-04-19 00:14:54 ERROR Main:46 - This patient hasn't got Medical History
2021-04-19 00:14:54 ERROR Main:62 - Nurse only can support operation
2021-04-19 00:14:54 INFO  Main:104 - Appointment{doctor=Zambone, patient=Johnson, date=Tue Jun 01 00:14:54 ART 2021}
2021-04-19 00:14:54 INFO  Main:108 - Number of actual patients in the hospital is: 3
2021-04-19 00:14:54 INFO  MedicineContainer:122 - 10
2021-04-19 00:14:54 INFO  MedicineContainer:122 - 20
2021-04-19 00:14:54 INFO  MedicineContainer:122 - 30
2021-04-19 00:14:54 INFO  MedicineContainer:125 - 40
2021-04-19 00:14:54 INFO  MedicineContainer:134 - 40
2021-04-19 00:14:54 INFO  MedicineContainer:134 - 30
2021-04-19 00:14:54 INFO  MedicineContainer:134 - 20
2021-04-19 00:14:54 INFO  MedicineContainer:137 - 10
2021-04-19 13:24:50 ERROR Main:41 - Doctor Deniro not surgeon
2021-04-19 13:24:50 ERROR Main:47 - This patient hasn't got Medical History
2021-04-19 13:24:50 ERROR Main:63 - Nurse only can support operation
2021-04-19 13:24:50 INFO  Main:105 - Appointment{doctor=Zambone, patient=Johnson, date=Tue Jun 01 13:24:50 ART 2021}
2021-04-19 13:24:50 INFO  Main:109 - Number of actual patients in the hospital is: 3
2021-04-19 13:24:50 INFO  MedicineDoublyList:122 - 10
2021-04-19 13:24:50 INFO  MedicineDoublyList:122 - 20
2021-04-19 13:24:50 INFO  MedicineDoublyList:122 - 30
2021-04-19 13:24:50 INFO  MedicineDoublyList:125 - 40
2021-04-19 13:24:50 INFO  MedicineDoublyList:134 - 40
2021-04-19 13:24:50 INFO  MedicineDoublyList:134 - 30
2021-04-19 13:24:50 INFO  MedicineDoublyList:134 - 20
2021-04-19 13:24:50 INFO  MedicineDoublyList:137 - 10
2021-04-20 07:26:56 ERROR Main:38 - Doctor Deniro not surgeon
2021-04-20 07:26:56 ERROR Main:44 - This patient hasn't got Medical History
2021-04-20 07:26:56 ERROR Main:60 - Nurse only can support operation
2021-04-20 07:26:56 INFO  Main:102 - Appointment{doctor=Zambone, patient=Johnson, date=Tue Jun 01 07:26:56 ART 2021}
2021-04-20 07:26:56 INFO  Main:106 - Number of actual patients in the hospital is: 3
2021-04-20 07:26:56 INFO  MedicineDoublyList:122 - 10
2021-04-20 07:26:56 INFO  MedicineDoublyList:122 - 20
2021-04-20 07:26:56 INFO  MedicineDoublyList:122 - 30
2021-04-20 07:26:56 INFO  MedicineDoublyList:125 - 40
2021-04-20 07:26:56 INFO  MedicineDoublyList:134 - 40
2021-04-20 07:26:56 INFO  MedicineDoublyList:134 - 30
2021-04-20 07:26:56 INFO  MedicineDoublyList:134 - 20
2021-04-20 07:26:56 INFO  MedicineDoublyList:137 - 10
